[debug] [2021-03-10T12:42:25.630Z] ----------------------------------------------------------------------
[debug] [2021-03-10T12:42:25.632Z] Command:       /usr/local/bin/node /usr/local/bin/firebase init
[debug] [2021-03-10T12:42:25.633Z] CLI Version:   9.6.0
[debug] [2021-03-10T12:42:25.633Z] Platform:      darwin
[debug] [2021-03-10T12:42:25.633Z] Node Version:  v12.18.3
[debug] [2021-03-10T12:42:25.634Z] Time:          Wed Mar 10 2021 18:12:25 GMT+0530 (India Standard Time)
[debug] [2021-03-10T12:42:25.635Z] ----------------------------------------------------------------------
[debug] [2021-03-10T12:42:25.635Z] 
[debug] [2021-03-10T12:42:25.640Z] > command requires scopes: ["email","openid","https://www.googleapis.com/auth/cloudplatformprojects.readonly","https://www.googleapis.com/auth/firebase","https://www.googleapis.com/auth/cloud-platform"]
[debug] [2021-03-10T12:42:25.641Z] > authorizing via signed-in user
[info] 
     ######## #### ########  ######## ########     ###     ######  ########
     ##        ##  ##     ## ##       ##     ##  ##   ##  ##       ##
     ######    ##  ########  ######   ########  #########  ######  ######
     ##        ##  ##    ##  ##       ##     ## ##     ##       ## ##
     ##       #### ##     ## ######## ########  ##     ##  ######  ########

You're about to initialize a Firebase project in this directory:

  /Users/nirbhay/Desktop/reactPractice/fb-clone

[debug] [2021-03-10T12:44:38.932Z] Error: write EIO
    at afterWriteDispatched (internal/stream_base_commons.js:154:25)
    at writeGeneric (internal/stream_base_commons.js:145:3)
    at WriteStream.Socket._writeGeneric (net.js:786:11)
    at WriteStream.Socket._write (net.js:798:8)
    at doWrite (_stream_writable.js:403:12)
    at writeOrBuffer (_stream_writable.js:387:5)
    at WriteStream.Writable.write (_stream_writable.js:318:11)
    at EventEmitter.signalExit.alwaysLast (/usr/local/lib/node_modules/firebase-tools/node_modules/restore-cursor/index.js:7:18)
    at EventEmitter.emit (events.js:315:20)
    at EventEmitter.emit (domain.js:483:12)
    at emit (/usr/local/lib/node_modules/firebase-tools/node_modules/signal-exit/index.js:78:11)
    at process.listener (/usr/local/lib/node_modules/firebase-tools/node_modules/signal-exit/index.js:94:7)
    at process.emit (events.js:315:20)
